
> api.entalla.backend@0.0.1 build
> nest build && cp -r src/i18n dist/

[96msrc/modules/codetrace/decorators/decorators/cache.decorator.ts[0m:[93m5[0m:[93m48[0m - [91merror[0m[90m TS2307: [0mCannot find module '../../../interfaces/cacheable' or its corresponding type declarations.

[7m5[0m import { CacheOptions, CacheableContext } from "../../../interfaces/cacheable";
[7m [0m [91m                                               ~~~~~~~~~~~~~~~~~~~~~~~~~~~~~~~[0m
[96msrc/modules/codetrace/entities/codetrace.entity.ts[0m:[93m31[0m:[93m10[0m - [91merror[0m[90m TS2300: [0mDuplicate identifier 'Column'.

[7m31[0m import { Column, Entity, OneToOne, JoinColumn } from 'typeorm';
[7m  [0m [91m         ~~~~~~[0m
[96msrc/modules/codetrace/entities/codetrace.entity.ts[0m:[93m34[0m:[93m10[0m - [91merror[0m[90m TS2300: [0mDuplicate identifier 'Column'.

[7m34[0m import { Column, ChildEntity } from 'typeorm';
[7m  [0m [91m         ~~~~~~[0m
[96msrc/modules/codetrace/entities/codetrace.entity.ts[0m:[93m37[0m:[93m18[0m - [91merror[0m[90m TS1146: [0mDeclaration expected.

[7m37[0m     @JoinColumn()
[7m  [0m [91m                 [0m
[96msrc/modules/codetrace/entities/codetrace.entity.ts[0m:[93m38[0m:[93m5[0m - [91merror[0m[90m TS2304: [0mCannot find name 'base'.

[7m38[0m     base!: BaseEntity;
[7m  [0m [91m    ~~~~[0m
[96msrc/modules/codetrace/entities/codetrace.entity.ts[0m:[93m38[0m:[93m10[0m - [91merror[0m[90m TS1005: [0m';' expected.

[7m38[0m     base!: BaseEntity;
[7m  [0m [91m         ~[0m
[96msrc/modules/codetrace/entities/codetrace.entity.ts[0m:[93m49[0m:[93m14[0m - [91merror[0m[90m TS2654: [0mNon-abstract class 'Codetrace' is missing implementations for the following members of 'BaseEntity': 'create', 'update', 'delete'.

[7m49[0m export class Codetrace extends BaseEntity {
[7m  [0m [91m             ~~~~~~~~~[0m
[96msrc/modules/codetrace/entities/codetrace.entity.ts[0m:[93m95[0m:[93m5[0m - [91merror[0m[90m TS1435: [0mUnknown keyword or identifier. Did you mean 'object'?

[7m95[0m     Object.assign(this, codetraceDto);
[7m  [0m [91m    ~~~~~~[0m
[96msrc/modules/codetrace/entities/codetrace.entity.ts[0m:[93m95[0m:[93m11[0m - [91merror[0m[90m TS1068: [0mUnexpected token. A constructor, method, accessor, or property was expected.

[7m95[0m     Object.assign(this, codetraceDto);
[7m  [0m [91m          ~[0m
[96msrc/modules/codetrace/entities/codetrace.entity.ts[0m:[93m95[0m:[93m12[0m - [91merror[0m[90m TS2391: [0mFunction implementation is missing or not immediately following the declaration.

[7m95[0m     Object.assign(this, codetraceDto);
[7m  [0m [91m           ~~~~~~[0m
[96msrc/modules/codetrace/entities/codetrace.entity.ts[0m:[93m96[0m:[93m5[0m - [91merror[0m[90m TS1068: [0mUnexpected token. A constructor, method, accessor, or property was expected.

[7m96[0m     this.modificationDate = new Date();
[7m  [0m [91m    ~~~~[0m
[96msrc/modules/codetrace/entities/codetrace.entity.ts[0m:[93m96[0m:[93m5[0m - [91merror[0m[90m TS2532: [0mObject is possibly 'undefined'.

[7m96[0m     this.modificationDate = new Date();
[7m  [0m [91m    ~~~~[0m
[96msrc/modules/codetrace/entities/codetrace.entity.ts[0m:[93m99[0m:[93m3[0m - [91merror[0m[90m TS1128: [0mDeclaration or statement expected.

[7m99[0m   }
[7m  [0m [91m  ~[0m
[96msrc/modules/codetrace/entities/codetrace.entity.ts[0m:[93m100[0m:[93m3[0m - [91merror[0m[90m TS1434: [0mUnexpected keyword or identifier.

[7m100[0m   async delete(id: string):  Promise<Codetrace>{
[7m   [0m [91m  ~~~~~[0m
[96msrc/modules/codetrace/entities/codetrace.entity.ts[0m:[93m100[0m:[93m3[0m - [91merror[0m[90m TS2304: [0mCannot find name 'async'.

[7m100[0m   async delete(id: string):  Promise<Codetrace>{
[7m   [0m [91m  ~~~~~[0m
[96msrc/modules/codetrace/entities/codetrace.entity.ts[0m:[93m100[0m:[93m16[0m - [91merror[0m[90m TS2304: [0mCannot find name 'id'.

[7m100[0m   async delete(id: string):  Promise<Codetrace>{
[7m   [0m [91m               ~~[0m
[96msrc/modules/codetrace/entities/codetrace.entity.ts[0m:[93m100[0m:[93m16[0m - [91merror[0m[90m TS2703: [0mThe operand of a 'delete' operator must be a property reference.

[7m100[0m   async delete(id: string):  Promise<Codetrace>{
[7m   [0m [91m               ~~[0m
[96msrc/modules/codetrace/entities/codetrace.entity.ts[0m:[93m100[0m:[93m18[0m - [91merror[0m[90m TS1005: [0m')' expected.

[7m100[0m   async delete(id: string):  Promise<Codetrace>{
[7m   [0m [91m                 ~[0m
[96msrc/modules/codetrace/entities/codetrace.entity.ts[0m:[93m100[0m:[93m20[0m - [91merror[0m[90m TS1434: [0mUnexpected keyword or identifier.

[7m100[0m   async delete(id: string):  Promise<Codetrace>{
[7m   [0m [91m                   ~~~~~~[0m
[96msrc/modules/codetrace/entities/codetrace.entity.ts[0m:[93m100[0m:[93m20[0m - [91merror[0m[90m TS2693: [0m'string' only refers to a type, but is being used as a value here.

[7m100[0m   async delete(id: string):  Promise<Codetrace>{
[7m   [0m [91m                   ~~~~~~[0m
[96msrc/modules/codetrace/entities/codetrace.entity.ts[0m:[93m100[0m:[93m26[0m - [91merror[0m[90m TS1128: [0mDeclaration or statement expected.

[7m100[0m   async delete(id: string):  Promise<Codetrace>{
[7m   [0m [91m                         ~[0m
[96msrc/modules/codetrace/entities/codetrace.entity.ts[0m:[93m100[0m:[93m27[0m - [91merror[0m[90m TS1128: [0mDeclaration or statement expected.

[7m100[0m   async delete(id: string):  Promise<Codetrace>{
[7m   [0m [91m                          ~[0m
[96msrc/modules/codetrace/entities/codetrace.entity.ts[0m:[93m100[0m:[93m30[0m - [91merror[0m[90m TS2365: [0mOperator '<' cannot be applied to types 'PromiseConstructor' and 'typeof Codetrace'.

[7m100[0m   async delete(id: string):  Promise<Codetrace>{
[7m   [0m [91m                             ~~~~~~~~~~~~~~~~~[0m
[96msrc/modules/codetrace/entities/codetrace.entity.ts[0m:[93m100[0m:[93m30[0m - [91merror[0m[90m TS2365: [0mOperator '>' cannot be applied to types 'boolean' and '{ this: any; return: undefined; }'.

[7m100[0m   async delete(id: string):  Promise<Codetrace>{
[7m   [0m [91m                             ~~~~~~~~~~~~~~~~~~~[0m
[7m101[0m     this.id = id;
[7m   [0m [91m~~~~~~~~~~~~~~~~~[0m
[7m102[0m     return this;
[7m   [0m [91m~~~~~~~~~~~~~~~~[0m
[7m103[0m   }
[7m   [0m [91m~~~[0m
[96msrc/modules/codetrace/entities/codetrace.entity.ts[0m:[93m101[0m:[93m9[0m - [91merror[0m[90m TS1005: [0m':' expected.

[7m101[0m     this.id = id;
[7m   [0m [91m        ~[0m
[96msrc/modules/codetrace/entities/codetrace.entity.ts[0m:[93m101[0m:[93m15[0m - [91merror[0m[90m TS2304: [0mCannot find name 'id'.

[7m101[0m     this.id = id;
[7m   [0m [91m              ~~[0m
[96msrc/modules/codetrace/entities/codetrace.entity.ts[0m:[93m101[0m:[93m17[0m - [91merror[0m[90m TS1005: [0m',' expected.

[7m101[0m     this.id = id;
[7m   [0m [91m                ~[0m
[96msrc/modules/codetrace/entities/codetrace.entity.ts[0m:[93m102[0m:[93m12[0m - [91merror[0m[90m TS1005: [0m':' expected.

[7m102[0m     return this;
[7m   [0m [91m           ~~~~[0m
[96msrc/modules/codetrace/entities/codetrace.entity.ts[0m:[93m102[0m:[93m16[0m - [91merror[0m[90m TS1005: [0m',' expected.

[7m102[0m     return this;
[7m   [0m [91m               ~[0m
[96msrc/modules/codetrace/entities/codetrace.entity.ts[0m:[93m105[0m:[93m1[0m - [91merror[0m[90m TS1128: [0mDeclaration or statement expected.

[7m105[0m }
[7m   [0m [91m~[0m
[96msrc/modules/codetrace/queries/codetrace.graphql.query.ts[0m:[93m33[0m:[93m32[0m - [91merror[0m[90m TS2307: [0mCannot find module './codetrace.query' or its corresponding type declarations.

[7m33[0m import { CodetraceQuery } from './codetrace.query';
[7m  [0m [91m                               ~~~~~~~~~~~~~~~~~~~[0m
[96msrc/modules/codetrace/queries/codetrace.graphql.query.ts[0m:[93m43[0m:[93m5[0m - [91merror[0m[90m TS2322: [0mType 'Codetrace[]' is not assignable to type 'CodetraceDto[]'.
  Type 'Codetrace' is not assignable to type 'CodetraceDto'.
    Property 'name' is private in type 'Codetrace' but not in type 'CodetraceDto'.

[7m43[0m     return this.service.findAll();
[7m  [0m [91m    ~~~~~~[0m
[96msrc/modules/codetrace/queries/codetrace.graphql.query.ts[0m:[93m50[0m:[93m5[0m - [91merror[0m[90m TS2322: [0mType 'Codetrace | null' is not assignable to type 'CodetraceDto'.
  Type 'null' is not assignable to type 'CodetraceDto'.

[7m50[0m     return this.service.findById(id);
[7m  [0m [91m    ~~~~~~[0m
[96msrc/modules/codetrace/services/codetracecommand.service.ts[0m:[93m122[0m:[93m19[0m - [91merror[0m[90m TS2339: [0mProperty 'fromDto' does not exist on type 'typeof Codetrace'.

[7m122[0m         Codetrace.fromDto(createCodetraceDtoInput)
[7m   [0m [91m                  ~~~~~~~[0m
[96msrc/modules/codetrace/services/codetracecommand.service.ts[0m:[93m172[0m:[93m60[0m - [91merror[0m[90m TS2339: [0mProperty 'fromDto' does not exist on type 'typeof Codetrace'.

[7m172[0m         createCodetraceDtosInput.map((entity) => Codetrace.fromDto(entity))
[7m   [0m [91m                                                           ~~~~~~~[0m
[96msrc/modules/codetrace/services/codetracecommand.service.ts[0m:[93m224[0m:[93m19[0m - [91merror[0m[90m TS2339: [0mProperty 'fromDto' does not exist on type 'typeof Codetrace'.

[7m224[0m         Codetrace.fromDto(partialEntity)
[7m   [0m [91m                  ~~~~~~~[0m
[96msrc/modules/codetrace/services/codetracecommand.service.ts[0m:[93m272[0m:[93m49[0m - [91merror[0m[90m TS2339: [0mProperty 'fromDto' does not exist on type 'typeof Codetrace'.

[7m272[0m         partialEntity.map((entity) => Codetrace.fromDto(entity))
[7m   [0m [91m                                                ~~~~~~~[0m

Found 37 error(s).

